빌드 시작: 2015-06-08 오후 11:17:27
     1>2 노드의 "C:\Workspace\git\mfc\map\map\map.vcxproj" 프로젝트(build 대상)입니다.
     1>PrepareForBuild:
         "C:\Workspace\git\mfc\map\Debug\" 디렉터리를 만들고 있습니다.
       InitializeBuildStatus:
         "AlwaysCreate"이(가) 지정되었기 때문에 "Debug\map.unsuccessfulbuild"을(를) 만들고 있습니다.
       ClCompile:
         c:\Program Files (x86)\Microsoft Visual Studio 10.0\VC\bin\CL.exe /c /ZI /nologo /W3 /WX- /Od /Oy- /D WIN32 /D _WINDOWS /D _DEBUG /D _UNICODE /D UNICODE /D _AFXDLL /Gm /EHsc /RTC1 /MDd /GS /fp:precise /Zc:wchar_t /Zc:forScope /Yc"StdAfx.h" /Fp"Debug\map.pch" /Fo"Debug\\" /Fd"Debug\vc100.pdb" /Gd /TP /analyze- /errorReport:prompt stdafx.cpp
         stdafx.cpp
         c:\Program Files (x86)\Microsoft Visual Studio 10.0\VC\bin\CL.exe /c /ZI /nologo /W3 /WX- /Od /Oy- /D WIN32 /D _WINDOWS /D _DEBUG /D _UNICODE /D UNICODE /D _AFXDLL /Gm /EHsc /RTC1 /MDd /GS /fp:precise /Zc:wchar_t /Zc:forScope /Yu"StdAfx.h" /Fp"Debug\map.pch" /Fo"Debug\\" /Fd"Debug\vc100.pdb" /Gd /TP /analyze- /errorReport:prompt MainFrm.cpp map.cpp mapDoc.cpp mapView.cpp
         mapView.cpp
     1>c:\workspace\git\mfc\map\map\mapview.cpp(101): warning C4018: '<' : signed 또는 unsigned가 일치하지 않습니다.
     1>c:\workspace\git\mfc\map\map\mapview.cpp(108): warning C4018: '<' : signed 또는 unsigned가 일치하지 않습니다.
     1>c:\workspace\git\mfc\map\map\mapview.cpp(128): warning C4018: '<' : signed 또는 unsigned가 일치하지 않습니다.
     1>c:\workspace\git\mfc\map\map\mapview.cpp(135): warning C4018: '<' : signed 또는 unsigned가 일치하지 않습니다.
     1>c:\workspace\git\mfc\map\map\mapview.cpp(161): warning C4018: '<' : signed 또는 unsigned가 일치하지 않습니다.
     1>c:\workspace\git\mfc\map\map\mapview.cpp(163): warning C4018: '<' : signed 또는 unsigned가 일치하지 않습니다.
     1>c:\workspace\git\mfc\map\map\mapview.cpp(171): warning C4018: '<' : signed 또는 unsigned가 일치하지 않습니다.
     1>c:\workspace\git\mfc\map\map\mapview.cpp(174): warning C4244: '=' : 'double'에서 'int'(으)로 변환하면서 데이터가 손실될 수 있습니다.
         mapDoc.cpp
     1>c:\workspace\git\mfc\map\map\mapdoc.cpp(190): warning C4018: '<' : signed 또는 unsigned가 일치하지 않습니다.
         map.cpp
         MainFrm.cpp
         코드를 생성하고 있습니다...
       ResourceCompile:
         C:\Program Files (x86)\Microsoft SDKs\Windows\v7.0A\bin\rc.exe /D _DEBUG /D _UNICODE /D UNICODE /D _AFXDLL /l"0x0412" /IDebug\ /nologo /fo"Debug\map.res" map.rc 
       ManifestResourceCompile:
         C:\Program Files (x86)\Microsoft SDKs\Windows\v7.0A\bin\rc.exe /nologo /fo"Debug\map.exe.embed.manifest.res" Debug\map_manifest.rc 
       Link:
         c:\Program Files (x86)\Microsoft Visual Studio 10.0\VC\bin\link.exe /ERRORREPORT:PROMPT /OUT:"C:\Workspace\git\mfc\map\Debug\map.exe" /INCREMENTAL /NOLOGO /MANIFEST /ManifestFile:"Debug\map.exe.intermediate.manifest" /MANIFESTUAC:"level='asInvoker' uiAccess='false'" /DEBUG /PDB:"C:\Workspace\git\mfc\map\Debug\map.pdb" /SUBSYSTEM:WINDOWS /TLBID:1 /ENTRY:"wWinMainCRTStartup" /DYNAMICBASE /NXCOMPAT /IMPLIB:"C:\Workspace\git\mfc\map\Debug\map.lib" /MACHINE:X86 Debug\map.res
         Debug\map.exe.embed.manifest.res
         Debug\MainFrm.obj
         Debug\map.obj
         Debug\mapDoc.obj
         Debug\mapView.obj
         Debug\stdafx.obj
       Manifest:
         C:\Program Files (x86)\Microsoft SDKs\Windows\v7.0A\bin\mt.exe /nologo /verbose /out:"Debug\map.exe.embed.manifest" /manifest Debug\map.exe.intermediate.manifest "c:\Program Files (x86)\Microsoft Visual Studio 10.0\VC\Include\Manifest\dpiaware.manifest"
         C:\Program Files (x86)\Microsoft SDKs\Windows\v7.0A\bin\rc.exe /nologo /fo"Debug\map.exe.embed.manifest.res" Debug\map_manifest.rc 
       LinkEmbedManifest:
         c:\Program Files (x86)\Microsoft Visual Studio 10.0\VC\bin\link.exe /ERRORREPORT:PROMPT /OUT:"C:\Workspace\git\mfc\map\Debug\map.exe" /INCREMENTAL /NOLOGO /MANIFEST /ManifestFile:"Debug\map.exe.intermediate.manifest" /MANIFESTUAC:"level='asInvoker' uiAccess='false'" /DEBUG /PDB:"C:\Workspace\git\mfc\map\Debug\map.pdb" /SUBSYSTEM:WINDOWS /TLBID:1 /ENTRY:"wWinMainCRTStartup" /DYNAMICBASE /NXCOMPAT /IMPLIB:"C:\Workspace\git\mfc\map\Debug\map.lib" /MACHINE:X86 Debug\map.res
         Debug\map.exe.embed.manifest.res
         Debug\MainFrm.obj
         Debug\map.obj
         Debug\mapDoc.obj
         Debug\mapView.obj
         Debug\stdafx.obj
         map.vcxproj -> C:\Workspace\git\mfc\map\Debug\map.exe
       FinalizeBuildStatus:
         "Debug\map.unsuccessfulbuild" 파일을 삭제하고 있습니다.
         "Debug\map.lastbuildstate"에 연결(touching)하고 있습니다.
     1>"C:\Workspace\git\mfc\map\map\map.vcxproj" 프로젝트를 빌드했습니다(build 대상).

빌드했습니다.

경과 시간: 00:00:08.26
